Syncing database schema...
Schema synced.
Running migrations...
Migrations complete.
Building app...
=== BUILD STDOUT ===
vite v6.4.1 building for production...
transforming...
✓ 1650 modules transformed.
rendering chunks...
computing gzip size...
dist/index.html                     0.46 kB │ gzip:   0.30 kB
dist/assets/index-BMlJsWCg.css     33.74 kB │ gzip:   5.04 kB
dist/assets/index-CYBIC_Sq.js   1,236.39 kB │ gzip: 216.81 kB │ map: 2,443.83 kB
✓ built in 4.11s

=== BUILD STDERR ===

Deploying to Netlify...
=== DEPLOY STDOUT ===

Deploying to Netlify
────────────────────────────────────────────────────────────────

[32mDeploy path: [39m       /repo/apps/LoopBuilder/dist
[32mFunctions path: [39m    /repo/apps/LoopBuilder/netlify/functions
[32mConfiguration path: [39m/repo/apps/LoopBuilder/netlify.toml


🚀 Deploy complete
────────────────────────────────────────────────────────────────

   ╭──────────────── ⬥  Production deploy is live ⬥  ─────────────────╮
   │                                                                  │
   │   Deployed to production URL: https://loop-builder.netlify.app   │
   │                                                                  │
   │                        Unique deploy URL:                        │
   │    https://69a3f40e34f1e1d43b8b9159--loop-builder.netlify.app    │
   │                                                                  │
   ╰──────────────────────────────────────────────────────────────────╯

[32mBuild logs: [39m        https://app.netlify.com/projects/loop-builder/deploys/69a3f40e34f1e1d43b8b9159
[32mFunction logs: [39m     https://app.netlify.com/projects/loop-builder/logs/functions
[32mEdge function Logs: [39mhttps://app.netlify.com/projects/loop-builder/logs/edge-functions

=== DEPLOY STDERR ===
⠋ Uploading blobs to deploy store...

√ Finished uploading blobs to deploy store
⠋ Hashing files...
⠋ Looking for a functions cache...
√ No cached functions were found
√ Finished hashing 5 files and 8 functions
⠋ CDN diffing files...
√ CDN requesting 4 files and 8 functions
⠋ Uploading 12 files
√ Finished uploading 12 assets
⠋ Waiting for deploy to go live...
√ Deploy is live!

