2026-02-15T02:00:53.794251Z  INFO tailwindcss_oxide::scanner: Provided sources:
2026-02-15T02:00:53.794283Z  INFO tailwindcss_oxide::scanner: Source: PublicSourceEntry { base: "/repo/apps/SalesCRM", pattern: "**/*", negated: false }
2026-02-15T02:00:53.794319Z  INFO tailwindcss_oxide::scanner: Optimized sources:
2026-02-15T02:00:53.794322Z  INFO tailwindcss_oxide::scanner: Source: Auto { base: "/repo/apps/SalesCRM" }
2026-02-15T02:00:53.795388Z  INFO scan_sources: tailwindcss_oxide::scanner: enter
2026-02-15T02:00:53.795698Z  INFO scan_sources: tailwindcss_oxide::scanner: Discovering "/repo/apps/SalesCRM/src"
2026-02-15T02:00:53.795738Z  INFO scan_sources: tailwindcss_oxide::scanner: Discovering "/repo/apps/SalesCRM/src/store"
2026-02-15T02:00:53.795786Z  INFO scan_sources: tailwindcss_oxide::scanner: Discovering "/repo/apps/SalesCRM/src/store/clientsSlice.ts"
2026-02-15T02:00:53.795802Z  INFO scan_sources: tailwindcss_oxide::scanner: Discovering "/repo/apps/SalesCRM/src/store/index.ts"
2026-02-15T02:00:53.795815Z  INFO scan_sources: tailwindcss_oxide::scanner: Discovering "/repo/apps/SalesCRM/src/store/dealsSlice.ts"
2026-02-15T02:00:53.795829Z  INFO scan_sources: tailwindcss_oxide::scanner: Discovering "/repo/apps/SalesCRM/src/store/tasksSlice.ts"
2026-02-15T02:00:53.795842Z  INFO scan_sources: tailwindcss_oxide::scanner: Discovering "/repo/apps/SalesCRM/src/store/hooks.ts"
2026-02-15T02:00:53.795856Z  INFO scan_sources: tailwindcss_oxide::scanner: Discovering "/repo/apps/SalesCRM/src/store/individualsSlice.ts"
2026-02-15T02:00:53.795877Z  INFO scan_sources: tailwindcss_oxide::scanner: Discovering "/repo/apps/SalesCRM/src/lib"
2026-02-15T02:00:53.795903Z  INFO scan_sources: tailwindcss_oxide::scanner: Discovering "/repo/apps/SalesCRM/src/lib/utils.ts"
2026-02-15T02:00:53.795923Z  INFO scan_sources: tailwindcss_oxide::scanner: Discovering "/repo/apps/SalesCRM/src/vite-env.d.ts"
2026-02-15T02:00:53.795935Z  INFO scan_sources: tailwindcss_oxide::scanner: Discovering "/repo/apps/SalesCRM/src/main.tsx"
2026-02-15T02:00:53.795948Z  INFO scan_sources: tailwindcss_oxide::scanner: Discovering "/repo/apps/SalesCRM/src/App.tsx"
2026-02-15T02:00:53.795962Z  INFO scan_sources: tailwindcss_oxide::scanner: Discovering "/repo/apps/SalesCRM/src/index.css"
2026-02-15T02:00:53.795978Z  INFO scan_sources: tailwindcss_oxide::scanner: Discovering "/repo/apps/SalesCRM/src/types"
2026-02-15T02:00:53.796003Z  INFO scan_sources: tailwindcss_oxide::scanner: Discovering "/repo/apps/SalesCRM/src/types/index.ts"
2026-02-15T02:00:53.796024Z  INFO scan_sources: tailwindcss_oxide::scanner: Discovering "/repo/apps/SalesCRM/src/pages"
2026-02-15T02:00:53.796051Z  INFO scan_sources: tailwindcss_oxide::scanner: Discovering "/repo/apps/SalesCRM/src/pages/TaskDetailPage.tsx"
2026-02-15T02:00:53.796064Z  INFO scan_sources: tailwindcss_oxide::scanner: Discovering "/repo/apps/SalesCRM/src/pages/ClientDetailPage.tsx"
2026-02-15T02:00:53.796078Z  INFO scan_sources: tailwindcss_oxide::scanner: Discovering "/repo/apps/SalesCRM/src/pages/DealDetailPage.tsx"
2026-02-15T02:00:53.796091Z  INFO scan_sources: tailwindcss_oxide::scanner: Discovering "/repo/apps/SalesCRM/src/pages/ClientsListPage.tsx"
2026-02-15T02:00:53.796104Z  INFO scan_sources: tailwindcss_oxide::scanner: Discovering "/repo/apps/SalesCRM/src/pages/DealsListPage.tsx"
2026-02-15T02:00:53.796116Z  INFO scan_sources: tailwindcss_oxide::scanner: Discovering "/repo/apps/SalesCRM/src/pages/NotFoundPage.tsx"
2026-02-15T02:00:53.796129Z  INFO scan_sources: tailwindcss_oxide::scanner: Discovering "/repo/apps/SalesCRM/src/pages/PersonDetailPage.tsx"
2026-02-15T02:00:53.796158Z  INFO scan_sources: tailwindcss_oxide::scanner: Discovering "/repo/apps/SalesCRM/src/pages/TasksListPage.tsx"
2026-02-15T02:00:53.796180Z  INFO scan_sources: tailwindcss_oxide::scanner: Discovering "/repo/apps/SalesCRM/src/components"
2026-02-15T02:00:53.796212Z  INFO scan_sources: tailwindcss_oxide::scanner: Discovering "/repo/apps/SalesCRM/src/components/tasks"
2026-02-15T02:00:53.796239Z  INFO scan_sources: tailwindcss_oxide::scanner: Discovering "/repo/apps/SalesCRM/src/components/tasks/TaskPriorityBadge.tsx"
2026-02-15T02:00:53.796263Z  INFO scan_sources: tailwindcss_oxide::scanner: Discovering "/repo/apps/SalesCRM/src/components/tasks/EditTaskModal.tsx"
2026-02-15T02:00:53.796276Z  INFO scan_sources: tailwindcss_oxide::scanner: Discovering "/repo/apps/SalesCRM/src/components/tasks/TaskCard.tsx"
2026-02-15T02:00:53.796289Z  INFO scan_sources: tailwindcss_oxide::scanner: Discovering "/repo/apps/SalesCRM/src/components/tasks/TasksPageHeader.tsx"
2026-02-15T02:00:53.796302Z  INFO scan_sources: tailwindcss_oxide::scanner: Discovering "/repo/apps/SalesCRM/src/components/tasks/TasksFilterBar.tsx"
2026-02-15T02:00:53.796315Z  INFO scan_sources: tailwindcss_oxide::scanner: Discovering "/repo/apps/SalesCRM/src/components/tasks/CreateTaskModal.tsx"
2026-02-15T02:00:53.796334Z  INFO scan_sources: tailwindcss_oxide::scanner: Discovering "/repo/apps/SalesCRM/src/components/task-detail"
2026-02-15T02:00:53.796361Z  INFO scan_sources: tailwindcss_oxide::scanner: Discovering "/repo/apps/SalesCRM/src/components/task-detail/TaskNotesSection.tsx"
2026-02-15T02:00:53.796375Z  INFO scan_sources: tailwindcss_oxide::scanner: Discovering "/repo/apps/SalesCRM/src/components/task-detail/TaskDetailHeader.tsx"
2026-02-15T02:00:53.796393Z  INFO scan_sources: tailwindcss_oxide::scanner: Discovering "/repo/apps/SalesCRM/src/components/deal-detail"
2026-02-15T02:00:53.796424Z  INFO scan_sources: tailwindcss_oxide::scanner: Discovering "/repo/apps/SalesCRM/src/components/deal-detail/WriteupsSection.tsx"
2026-02-15T02:00:53.796438Z  INFO scan_sources: tailwindcss_oxide::scanner: Discovering "/repo/apps/SalesCRM/src/components/deal-detail/DealDetailHeader.tsx"
2026-02-15T02:00:53.796451Z  INFO scan_sources: tailwindcss_oxide::scanner: Discovering "/repo/apps/SalesCRM/src/components/deal-detail/DealHistorySection.tsx"
2026-02-15T02:00:53.796464Z  INFO scan_sources: tailwindcss_oxide::scanner: Discovering "/repo/apps/SalesCRM/src/components/deal-detail/AddWriteupModal.tsx"
2026-02-15T02:00:53.796477Z  INFO scan_sources: tailwindcss_oxide::scanner: Discovering "/repo/apps/SalesCRM/src/components/deal-detail/AddDealTaskModal.tsx"
2026-02-15T02:00:53.796491Z  INFO scan_sources: tailwindcss_oxide::scanner: Discovering "/repo/apps/SalesCRM/src/components/deal-detail/DealMetricsSection.tsx"
2026-02-15T02:00:53.796505Z  INFO scan_sources: tailwindcss_oxide::scanner: Discovering "/repo/apps/SalesCRM/src/components/deal-detail/DealAttachmentsSection.tsx"
2026-02-15T02:00:53.796518Z  INFO scan_sources: tailwindcss_oxide::scanner: Discovering "/repo/apps/SalesCRM/src/components/deal-detail/LinkedTasksSection.tsx"
2026-02-15T02:00:53.796532Z  INFO scan_sources: tailwindcss_oxide::scanner: Discovering "/repo/apps/SalesCRM/src/components/deal-detail/VersionHistoryModal.tsx"
2026-02-15T02:00:53.796545Z  INFO scan_sources: tailwindcss_oxide::scanner: Discovering "/repo/apps/SalesCRM/src/components/deal-detail/UploadAttachmentModal.tsx"
2026-02-15T02:00:53.796558Z  INFO scan_sources: tailwindcss_oxide::scanner: Discovering "/repo/apps/SalesCRM/src/components/deal-detail/StagePipeline.tsx"
2026-02-15T02:00:53.796571Z  INFO scan_sources: tailwindcss_oxide::scanner: Discovering "/repo/apps/SalesCRM/src/components/deal-detail/DealContactsSection.tsx"
2026-02-15T02:00:53.796591Z  INFO scan_sources: tailwindcss_oxide::scanner: Discovering "/repo/apps/SalesCRM/src/components/client-detail"
2026-02-15T02:00:53.796619Z  INFO scan_sources: tailwindcss_oxide::scanner: Discovering "/repo/apps/SalesCRM/src/components/client-detail/DealsSection.tsx"
2026-02-15T02:00:53.796633Z  INFO scan_sources: tailwindcss_oxide::scanner: Discovering "/repo/apps/SalesCRM/src/components/client-detail/SourceInfoSection.tsx"
2026-02-15T02:00:53.796647Z  INFO scan_sources: tailwindcss_oxide::scanner: Discovering "/repo/apps/SalesCRM/src/components/client-detail/AddDealModal.tsx"
2026-02-15T02:00:53.796660Z  INFO scan_sources: tailwindcss_oxide::scanner: Discovering "/repo/apps/SalesCRM/src/components/client-detail/AddPersonModal.tsx"
2026-02-15T02:00:53.796673Z  INFO scan_sources: tailwindcss_oxide::scanner: Discovering "/repo/apps/SalesCRM/src/components/client-detail/AddAttachmentModal.tsx"
2026-02-15T02:00:53.796690Z  INFO scan_sources: tailwindcss_oxide::scanner: Discovering "/repo/apps/SalesCRM/src/components/client-detail/TasksSection.tsx"
2026-02-15T02:00:53.796703Z  INFO scan_sources: tailwindcss_oxide::scanner: Discovering "/repo/apps/SalesCRM/src/components/client-detail/PeopleSection.tsx"
2026-02-15T02:00:53.796716Z  INFO scan_sources: tailwindcss_oxide::scanner: Discovering "/repo/apps/SalesCRM/src/components/client-detail/TimelineSection.tsx"
2026-02-15T02:00:53.796728Z  INFO scan_sources: tailwindcss_oxide::scanner: Discovering "/repo/apps/SalesCRM/src/components/client-detail/AddTaskModal.tsx"
2026-02-15T02:00:53.796741Z  INFO scan_sources: tailwindcss_oxide::scanner: Discovering "/repo/apps/SalesCRM/src/components/client-detail/AttachmentsSection.tsx"
2026-02-15T02:00:53.796754Z  INFO scan_sources: tailwindcss_oxide::scanner: Discovering "/repo/apps/SalesCRM/src/components/client-detail/ClientHeader.tsx"
2026-02-15T02:00:53.796767Z  INFO scan_sources: tailwindcss_oxide::scanner: Discovering "/repo/apps/SalesCRM/src/components/client-detail/QuickActions.tsx"
2026-02-15T02:00:53.796786Z  INFO scan_sources: tailwindcss_oxide::scanner: Discovering "/repo/apps/SalesCRM/src/components/clients"
2026-02-15T02:00:53.796813Z  INFO scan_sources: tailwindcss_oxide::scanner: Discovering "/repo/apps/SalesCRM/src/components/clients/ClientsPagination.tsx"
2026-02-15T02:00:53.796827Z  INFO scan_sources: tailwindcss_oxide::scanner: Discovering "/repo/apps/SalesCRM/src/components/clients/StatusBadge.tsx"
2026-02-15T02:00:53.796840Z  INFO scan_sources: tailwindcss_oxide::scanner: Discovering "/repo/apps/SalesCRM/src/components/clients/ClientsSearchBar.tsx"
2026-02-15T02:00:53.796853Z  INFO scan_sources: tailwindcss_oxide::scanner: Discovering "/repo/apps/SalesCRM/src/components/clients/TagBadge.tsx"
2026-02-15T02:00:53.796871Z  INFO scan_sources: tailwindcss_oxide::scanner: Discovering "/repo/apps/SalesCRM/src/components/clients/ClientsTable.tsx"
2026-02-15T02:00:53.796884Z  INFO scan_sources: tailwindcss_oxide::scanner: Discovering "/repo/apps/SalesCRM/src/components/clients/ClientsFilterControls.tsx"
2026-02-15T02:00:53.796899Z  INFO scan_sources: tailwindcss_oxide::scanner: Discovering "/repo/apps/SalesCRM/src/components/clients/ClientRowActionMenu.tsx"
2026-02-15T02:00:53.796912Z  INFO scan_sources: tailwindcss_oxide::scanner: Discovering "/repo/apps/SalesCRM/src/components/clients/ClientsPageHeader.tsx"
2026-02-15T02:00:53.796925Z  INFO scan_sources: tailwindcss_oxide::scanner: Discovering "/repo/apps/SalesCRM/src/components/clients/AddClientModal.tsx"
2026-02-15T02:00:53.796944Z  INFO scan_sources: tailwindcss_oxide::scanner: Discovering "/repo/apps/SalesCRM/src/components/layout"
2026-02-15T02:00:53.796969Z  INFO scan_sources: tailwindcss_oxide::scanner: Discovering "/repo/apps/SalesCRM/src/components/layout/AppLayout.tsx"
2026-02-15T02:00:53.796983Z  INFO scan_sources: tailwindcss_oxide::scanner: Discovering "/repo/apps/SalesCRM/src/components/layout/Sidebar.tsx"
2026-02-15T02:00:53.797002Z  INFO scan_sources: tailwindcss_oxide::scanner: Discovering "/repo/apps/SalesCRM/src/components/deals"
2026-02-15T02:00:53.797030Z  INFO scan_sources: tailwindcss_oxide::scanner: Discovering "/repo/apps/SalesCRM/src/components/deals/DealsPageHeader.tsx"
2026-02-15T02:00:53.797043Z  INFO scan_sources: tailwindcss_oxide::scanner: Discovering "/repo/apps/SalesCRM/src/components/deals/DealsFilterControls.tsx"
2026-02-15T02:00:53.797056Z  INFO scan_sources: tailwindcss_oxide::scanner: Discovering "/repo/apps/SalesCRM/src/components/deals/DealRowActionMenu.tsx"
2026-02-15T02:00:53.797070Z  INFO scan_sources: tailwindcss_oxide::scanner: Discovering "/repo/apps/SalesCRM/src/components/deals/DealsSummaryCards.tsx"
2026-02-15T02:00:53.797084Z  INFO scan_sources: tailwindcss_oxide::scanner: Discovering "/repo/apps/SalesCRM/src/components/deals/DealsTable.tsx"
2026-02-15T02:00:53.797096Z  INFO scan_sources: tailwindcss_oxide::scanner: Discovering "/repo/apps/SalesCRM/src/components/deals/DealsPagination.tsx"
2026-02-15T02:00:53.797113Z  INFO scan_sources: tailwindcss_oxide::scanner: Discovering "/repo/apps/SalesCRM/src/components/deals/DealStageBadge.tsx"
2026-02-15T02:00:53.797127Z  INFO scan_sources: tailwindcss_oxide::scanner: Discovering "/repo/apps/SalesCRM/src/components/deals/CreateDealModal.tsx"
2026-02-15T02:00:53.797139Z  INFO scan_sources: tailwindcss_oxide::scanner: Discovering "/repo/apps/SalesCRM/src/components/deals/DealsPipelineView.tsx"
2026-02-15T02:00:53.797170Z  INFO scan_sources: tailwindcss_oxide::scanner: Discovering "/repo/apps/SalesCRM/src/components/deals/DealsViewToggle.tsx"
2026-02-15T02:00:53.797183Z  INFO scan_sources: tailwindcss_oxide::scanner: Discovering "/repo/apps/SalesCRM/src/components/deals/DealStatusBadge.tsx"
2026-02-15T02:00:53.797203Z  INFO scan_sources: tailwindcss_oxide::scanner: Discovering "/repo/apps/SalesCRM/src/components/shared"
2026-02-15T02:00:53.797229Z  INFO scan_sources: tailwindcss_oxide::scanner: Discovering "/repo/apps/SalesCRM/src/components/shared/attachmentUtils.ts"
2026-02-15T02:00:53.797243Z  INFO scan_sources: tailwindcss_oxide::scanner: Discovering "/repo/apps/SalesCRM/src/components/shared/ConfirmDialog.tsx"
2026-02-15T02:00:53.797256Z  INFO scan_sources: tailwindcss_oxide::scanner: Discovering "/repo/apps/SalesCRM/src/components/shared/FilterSelect.tsx"
2026-02-15T02:00:53.797269Z  INFO scan_sources: tailwindcss_oxide::scanner: Discovering "/repo/apps/SalesCRM/src/components/shared/AttachmentPreview.tsx"
2026-02-15T02:00:53.797291Z  INFO scan_sources: tailwindcss_oxide::scanner: Discovering "/repo/apps/SalesCRM/src/components/person-detail"
2026-02-15T02:00:53.797318Z  INFO scan_sources: tailwindcss_oxide::scanner: Discovering "/repo/apps/SalesCRM/src/components/person-detail/AddContactHistoryModal.tsx"
2026-02-15T02:00:53.797332Z  INFO scan_sources: tailwindcss_oxide::scanner: Discovering "/repo/apps/SalesCRM/src/components/person-detail/EditContactHistoryModal.tsx"
2026-02-15T02:00:53.797345Z  INFO scan_sources: tailwindcss_oxide::scanner: Discovering "/repo/apps/SalesCRM/src/components/person-detail/PersonHeader.tsx"
2026-02-15T02:00:53.797359Z  INFO scan_sources: tailwindcss_oxide::scanner: Discovering "/repo/apps/SalesCRM/src/components/person-detail/RelationshipsSection.tsx"
2026-02-15T02:00:53.797372Z  INFO scan_sources: tailwindcss_oxide::scanner: Discovering "/repo/apps/SalesCRM/src/components/person-detail/AddRelationshipModal.tsx"
2026-02-15T02:00:53.797387Z  INFO scan_sources: tailwindcss_oxide::scanner: Discovering "/repo/apps/SalesCRM/src/components/person-detail/ContactHistorySection.tsx"
2026-02-15T02:00:53.797401Z  INFO scan_sources: tailwindcss_oxide::scanner: Discovering "/repo/apps/SalesCRM/src/components/person-detail/AssociatedClientsSection.tsx"
2026-02-15T02:00:53.797426Z  INFO scan_sources: tailwindcss_oxide::scanner: Discovering "/repo/apps/SalesCRM/public"
2026-02-15T02:00:53.797454Z  INFO scan_sources: tailwindcss_oxide::scanner: Discovering "/repo/apps/SalesCRM/public/vite.svg"
2026-02-15T02:00:53.797474Z  INFO scan_sources: tailwindcss_oxide::scanner: Discovering "/repo/apps/SalesCRM/netlify"
2026-02-15T02:00:53.797502Z  INFO scan_sources: tailwindcss_oxide::scanner: Discovering "/repo/apps/SalesCRM/netlify/functions"
2026-02-15T02:00:53.797530Z  INFO scan_sources: tailwindcss_oxide::scanner: Discovering "/repo/apps/SalesCRM/netlify/functions/clients.ts"
2026-02-15T02:00:53.797544Z  INFO scan_sources: tailwindcss_oxide::scanner: Discovering "/repo/apps/SalesCRM/netlify/functions/client-timeline.ts"
2026-02-15T02:00:53.797557Z  INFO scan_sources: tailwindcss_oxide::scanner: Discovering "/repo/apps/SalesCRM/netlify/functions/tasks.ts"
2026-02-15T02:00:53.797569Z  INFO scan_sources: tailwindcss_oxide::scanner: Discovering "/repo/apps/SalesCRM/netlify/functions/client-people.ts"
2026-02-15T02:00:53.797582Z  INFO scan_sources: tailwindcss_oxide::scanner: Discovering "/repo/apps/SalesCRM/netlify/functions/individuals.ts"
2026-02-15T02:00:53.797599Z  INFO scan_sources: tailwindcss_oxide::scanner: Discovering "/repo/apps/SalesCRM/netlify/functions/client-deals.ts"
2026-02-15T02:00:53.797612Z  INFO scan_sources: tailwindcss_oxide::scanner: Discovering "/repo/apps/SalesCRM/netlify/functions/client-tasks.ts"
2026-02-15T02:00:53.797624Z  INFO scan_sources: tailwindcss_oxide::scanner: Discovering "/repo/apps/SalesCRM/netlify/functions/deal-detail.ts"
2026-02-15T02:00:53.797637Z  INFO scan_sources: tailwindcss_oxide::scanner: Discovering "/repo/apps/SalesCRM/netlify/functions/deals.ts"
2026-02-15T02:00:53.797650Z  INFO scan_sources: tailwindcss_oxide::scanner: Discovering "/repo/apps/SalesCRM/netlify/functions/client-attachments.ts"
2026-02-15T02:00:53.797671Z  INFO scan_sources: tailwindcss_oxide::scanner: Discovering "/repo/apps/SalesCRM/logs"
2026-02-15T02:00:53.797734Z  INFO scan_sources: tailwindcss_oxide::scanner: Discovering "/repo/apps/SalesCRM/logs/reviewed"
2026-02-15T02:00:53.797818Z  INFO scan_sources: tailwindcss_oxide::scanner: Discovering "/repo/apps/SalesCRM/eslint.config.js"
2026-02-15T02:00:53.797850Z  INFO scan_sources: tailwindcss_oxide::scanner: Discovering "/repo/apps/SalesCRM/tests"
2026-02-15T02:00:53.797878Z  INFO scan_sources: tailwindcss_oxide::scanner: Discovering "/repo/apps/SalesCRM/tests/global-setup.ts"
2026-02-15T02:00:53.797891Z  INFO scan_sources: tailwindcss_oxide::scanner: Discovering "/repo/apps/SalesCRM/tests/client-detail-page.spec.ts"
2026-02-15T02:00:53.797904Z  INFO scan_sources: tailwindcss_oxide::scanner: Discovering "/repo/apps/SalesCRM/tests/task-detail-page.spec.ts"
2026-02-15T02:00:53.797916Z  INFO scan_sources: tailwindcss_oxide::scanner: Discovering "/repo/apps/SalesCRM/tests/cross-cutting.spec.ts"
2026-02-15T02:00:53.797929Z  INFO scan_sources: tailwindcss_oxide::scanner: Discovering "/repo/apps/SalesCRM/tests/clients-list-page.spec.ts"
2026-02-15T02:00:53.797942Z  INFO scan_sources: tailwindcss_oxide::scanner: Discovering "/repo/apps/SalesCRM/tests/deal-detail-page.spec.ts"
2026-02-15T02:00:53.797955Z  INFO scan_sources: tailwindcss_oxide::scanner: Discovering "/repo/apps/SalesCRM/tests/deals-list-page.spec.ts"
2026-02-15T02:00:53.797967Z  INFO scan_sources: tailwindcss_oxide::scanner: Discovering "/repo/apps/SalesCRM/tests/helpers.ts"
2026-02-15T02:00:53.797979Z  INFO scan_sources: tailwindcss_oxide::scanner: Discovering "/repo/apps/SalesCRM/tests/tasks-list-page.spec.ts"
2026-02-15T02:00:53.797992Z  INFO scan_sources: tailwindcss_oxide::scanner: Discovering "/repo/apps/SalesCRM/tests/person-detail-page.spec.ts"
2026-02-15T02:00:53.798010Z  INFO scan_sources: tailwindcss_oxide::scanner: Discovering "/repo/apps/SalesCRM/scripts"
2026-02-15T02:00:53.798035Z  INFO scan_sources: tailwindcss_oxide::scanner: Discovering "/repo/apps/SalesCRM/scripts/seed-db.ts"
2026-02-15T02:00:53.798048Z  INFO scan_sources: tailwindcss_oxide::scanner: Discovering "/repo/apps/SalesCRM/scripts/init-db.ts"
2026-02-15T02:00:53.798066Z  INFO scan_sources: tailwindcss_oxide::scanner: Discovering "/repo/apps/SalesCRM/AppStyle.md"
2026-02-15T02:00:53.798081Z  INFO scan_sources: tailwindcss_oxide::scanner: Discovering "/repo/apps/SalesCRM/playwright-report"
2026-02-15T02:00:53.798108Z  INFO scan_sources: tailwindcss_oxide::scanner: Discovering "/repo/apps/SalesCRM/playwright-report/index.html"
2026-02-15T02:00:53.798128Z  INFO scan_sources: tailwindcss_oxide::scanner: Discovering "/repo/apps/SalesCRM/vite.config.ts"
2026-02-15T02:00:53.798163Z  INFO scan_sources: tailwindcss_oxide::scanner: Discovering "/repo/apps/SalesCRM/AppSpec.md"
2026-02-15T02:00:53.798181Z  INFO scan_sources: tailwindcss_oxide::scanner: Discovering "/repo/apps/SalesCRM/package.json"
2026-02-15T02:00:53.798208Z  INFO scan_sources: tailwindcss_oxide::scanner: Discovering "/repo/apps/SalesCRM/docs"
2026-02-15T02:00:53.798233Z  INFO scan_sources: tailwindcss_oxide::scanner: Discovering "/repo/apps/SalesCRM/docs/plan.md"
2026-02-15T02:00:53.798249Z  INFO scan_sources: tailwindcss_oxide::scanner: Discovering "/repo/apps/SalesCRM/docs/mockups"
2026-02-15T02:00:53.798292Z  INFO scan_sources: tailwindcss_oxide::scanner: Discovering "/repo/apps/SalesCRM/docs/tests.md"
2026-02-15T02:00:53.798310Z  INFO scan_sources: tailwindcss_oxide::scanner: Discovering "/repo/apps/SalesCRM/docs/bugs"
2026-02-15T02:00:53.798336Z  INFO scan_sources: tailwindcss_oxide::scanner: Discovering "/repo/apps/SalesCRM/docs/bugs/DashboardHighlight.md"
2026-02-15T02:00:53.798349Z  INFO scan_sources: tailwindcss_oxide::scanner: Discovering "/repo/apps/SalesCRM/docs/bugs/SettingsButton.md"
2026-02-15T02:00:53.798362Z  INFO scan_sources: tailwindcss_oxide::scanner: Discovering "/repo/apps/SalesCRM/docs/bugs/AttachmentPreview.md"
2026-02-15T02:00:53.798374Z  INFO scan_sources: tailwindcss_oxide::scanner: Discovering "/repo/apps/SalesCRM/docs/bugs/Reports404.md"
2026-02-15T02:00:53.798387Z  INFO scan_sources: tailwindcss_oxide::scanner: Discovering "/repo/apps/SalesCRM/docs/bugs/DealsDropdownStyling.md"
2026-02-15T02:00:53.798408Z  INFO scan_sources: tailwindcss_oxide::scanner: Discovering "/repo/apps/SalesCRM/docs/bugs/TaskDetailPage.md"
2026-02-15T02:00:53.798424Z  INFO scan_sources: tailwindcss_oxide::scanner: Discovering "/repo/apps/SalesCRM/docs/bugReports.md"
2026-02-15T02:00:53.798442Z  INFO scan_sources: tailwindcss_oxide::scanner: Discovering "/repo/apps/SalesCRM/tsconfig.json"
2026-02-15T02:00:53.798454Z  INFO scan_sources: tailwindcss_oxide::scanner: Discovering "/repo/apps/SalesCRM/index.html"
2026-02-15T02:00:53.798466Z  INFO scan_sources: tailwindcss_oxide::scanner: Discovering "/repo/apps/SalesCRM/netlify.toml"
2026-02-15T02:00:53.798478Z  INFO scan_sources: tailwindcss_oxide::scanner: Discovering "/repo/apps/SalesCRM/playwright.config.ts"
2026-02-15T02:00:53.798492Z  INFO scan_sources: tailwindcss_oxide::scanner: Discovering "/repo/apps/SalesCRM/tsconfig.node.json"
2026-02-15T02:00:53.798507Z  INFO scan_sources: tailwindcss_oxide::scanner: Discovering "/repo/apps/SalesCRM/tsconfig.app.json"
2026-02-15T02:00:53.798587Z  INFO scan_sources: tailwindcss_oxide::scanner: exit
2026-02-15T02:00:53.798592Z  INFO extract_candidates: tailwindcss_oxide::scanner: enter
2026-02-15T02:00:53.798601Z  INFO extract_candidates:read_all_files: tailwindcss_oxide::scanner: enter
2026-02-15T02:00:53.798605Z  INFO extract_candidates:read_all_files: tailwindcss_oxide::scanner: Reading 128 file(s)
2026-02-15T02:00:53.799998Z  INFO tailwindcss_oxide::scanner: Reading "/repo/apps/SalesCRM/src/components/tasks/TasksPageHeader.tsx"
2026-02-15T02:00:53.800031Z  INFO tailwindcss_oxide::scanner: Reading "/repo/apps/SalesCRM/vite.config.ts"
2026-02-15T02:00:53.800043Z  INFO tailwindcss_oxide::scanner: Reading "/repo/apps/SalesCRM/src/components/deal-detail/DealDetailHeader.tsx"
2026-02-15T02:00:53.800031Z  INFO tailwindcss_oxide::scanner: Reading "/repo/apps/SalesCRM/src/pages/ClientDetailPage.tsx"
2026-02-15T02:00:53.800039Z  INFO tailwindcss_oxide::scanner: Reading "/repo/apps/SalesCRM/netlify/functions/client-timeline.ts"
2026-02-15T02:00:53.800048Z  INFO tailwindcss_oxide::scanner: Reading "/repo/apps/SalesCRM/src/pages/ClientsListPage.tsx"
2026-02-15T02:00:53.800081Z  INFO tailwindcss_oxide::scanner: Reading "/repo/apps/SalesCRM/src/components/deal-detail/DealHistorySection.tsx"
2026-02-15T02:00:53.800084Z  INFO tailwindcss_oxide::scanner: Reading "/repo/apps/SalesCRM/src/components/deal-detail/DealAttachmentsSection.tsx"
2026-02-15T02:00:53.800039Z  INFO tailwindcss_oxide::scanner: Reading "/repo/apps/SalesCRM/src/components/tasks/EditTaskModal.tsx"
2026-02-15T02:00:53.800105Z  INFO tailwindcss_oxide::scanner: Reading "/repo/apps/SalesCRM/src/pages/DealsListPage.tsx"
2026-02-15T02:00:53.800048Z  INFO tailwindcss_oxide::scanner: Reading "/repo/apps/SalesCRM/tests/task-detail-page.spec.ts"
2026-02-15T02:00:53.800117Z  INFO tailwindcss_oxide::scanner: Reading "/repo/apps/SalesCRM/src/components/person-detail/ContactHistorySection.tsx"
2026-02-15T02:00:53.800039Z  INFO tailwindcss_oxide::scanner: Reading "/repo/apps/SalesCRM/src/store/clientsSlice.ts"
2026-02-15T02:00:53.800128Z  INFO tailwindcss_oxide::scanner: Reading "/repo/apps/SalesCRM/src/components/person-detail/AssociatedClientsSection.tsx"
2026-02-15T02:00:53.800035Z  INFO tailwindcss_oxide::scanner: Reading "/repo/apps/SalesCRM/src/main.tsx"
2026-02-15T02:00:53.800036Z  INFO tailwindcss_oxide::scanner: Reading "/repo/apps/SalesCRM/src/components/deal-detail/LinkedTasksSection.tsx"
2026-02-15T02:00:53.800047Z  INFO tailwindcss_oxide::scanner: Reading "/repo/apps/SalesCRM/src/components/tasks/CreateTaskModal.tsx"
2026-02-15T02:00:53.800197Z  INFO tailwindcss_oxide::scanner: Reading "/repo/apps/SalesCRM/netlify/functions/deal-detail.ts"
2026-02-15T02:00:53.800054Z  INFO tailwindcss_oxide::scanner: Reading "/repo/apps/SalesCRM/src/components/person-detail/RelationshipsSection.tsx"
2026-02-15T02:00:53.800033Z  INFO tailwindcss_oxide::scanner: Reading "/repo/apps/SalesCRM/src/components/deal-detail/DealMetricsSection.tsx"
2026-02-15T02:00:53.800226Z  INFO tailwindcss_oxide::scanner: Reading "/repo/apps/SalesCRM/netlify/functions/deals.ts"
2026-02-15T02:00:53.800049Z  INFO tailwindcss_oxide::scanner: Reading "/repo/apps/SalesCRM/AppStyle.md"
2026-02-15T02:00:53.800061Z  INFO tailwindcss_oxide::scanner: Reading "/repo/apps/SalesCRM/src/components/task-detail/TaskDetailHeader.tsx"
2026-02-15T02:00:53.800059Z  INFO tailwindcss_oxide::scanner: Reading "/repo/apps/SalesCRM/src/components/client-detail/AttachmentsSection.tsx"
2026-02-15T02:00:53.800069Z  INFO tailwindcss_oxide::scanner: Reading "/repo/apps/SalesCRM/src/components/client-detail/SourceInfoSection.tsx"
2026-02-15T02:00:53.800067Z  INFO tailwindcss_oxide::scanner: Reading "/repo/apps/SalesCRM/src/components/clients/ClientsFilterControls.tsx"
2026-02-15T02:00:53.800064Z  INFO tailwindcss_oxide::scanner: Reading "/repo/apps/SalesCRM/package.json"
2026-02-15T02:00:53.800033Z  INFO tailwindcss_oxide::scanner: Reading "/repo/apps/SalesCRM/src/pages/DealDetailPage.tsx"
2026-02-15T02:00:53.800073Z  INFO tailwindcss_oxide::scanner: Reading "/repo/apps/SalesCRM/AppSpec.md"
2026-02-15T02:00:53.800043Z  INFO tailwindcss_oxide::scanner: Reading "/repo/apps/SalesCRM/src/components/tasks/TaskCard.tsx"
2026-02-15T02:00:53.800051Z  INFO tailwindcss_oxide::scanner: Reading "/repo/apps/SalesCRM/tests/tasks-list-page.spec.ts"
2026-02-15T02:00:53.800397Z  INFO tailwindcss_oxide::scanner: Reading "/repo/apps/SalesCRM/docs/plan.md"
2026-02-15T02:00:53.800031Z  INFO tailwindcss_oxide::scanner: Reading "/repo/apps/SalesCRM/tests/global-setup.ts"
2026-02-15T02:00:53.800085Z  INFO tailwindcss_oxide::scanner: Reading "/repo/apps/SalesCRM/src/components/client-detail/TasksSection.tsx"
2026-02-15T02:00:53.800421Z  INFO tailwindcss_oxide::scanner: Reading "/repo/apps/SalesCRM/tests/deal-detail-page.spec.ts"
2026-02-15T02:00:53.800100Z  INFO tailwindcss_oxide::scanner: Reading "/repo/apps/SalesCRM/netlify/functions/tasks.ts"
2026-02-15T02:00:53.800429Z  INFO tailwindcss_oxide::scanner: Reading "/repo/apps/SalesCRM/tests/person-detail-page.spec.ts"
2026-02-15T02:00:53.800432Z  INFO tailwindcss_oxide::scanner: Reading "/repo/apps/SalesCRM/src/components/client-detail/PeopleSection.tsx"
2026-02-15T02:00:53.800106Z  INFO tailwindcss_oxide::scanner: Reading "/repo/apps/SalesCRM/src/components/deal-detail/AddWriteupModal.tsx"
2026-02-15T02:00:53.800447Z  INFO tailwindcss_oxide::scanner: Reading "/repo/apps/SalesCRM/src/components/client-detail/QuickActions.tsx"
2026-02-15T02:00:53.800125Z  INFO tailwindcss_oxide::scanner: Reading "/repo/apps/SalesCRM/src/components/client-detail/TimelineSection.tsx"
2026-02-15T02:00:53.800455Z  INFO tailwindcss_oxide::scanner: Reading "/repo/apps/SalesCRM/src/components/deal-detail/AddDealTaskModal.tsx"
2026-02-15T02:00:53.800459Z  INFO tailwindcss_oxide::scanner: Reading "/repo/apps/SalesCRM/src/components/deal-detail/StagePipeline.tsx"
2026-02-15T02:00:53.800463Z  INFO tailwindcss_oxide::scanner: Reading "/repo/apps/SalesCRM/src/components/clients/ClientsPagination.tsx"
2026-02-15T02:00:53.800470Z  INFO tailwindcss_oxide::scanner: Reading "/repo/apps/SalesCRM/src/pages/TaskDetailPage.tsx"
2026-02-15T02:00:53.800051Z  INFO tailwindcss_oxide::scanner: Reading "/repo/apps/SalesCRM/scripts/seed-db.ts"
2026-02-15T02:00:53.800484Z  INFO tailwindcss_oxide::scanner: Reading "/repo/apps/SalesCRM/src/components/clients/ClientsTable.tsx"
2026-02-15T02:00:53.800483Z  INFO tailwindcss_oxide::scanner: Reading "/repo/apps/SalesCRM/src/store/dealsSlice.ts"
2026-02-15T02:00:53.800167Z  INFO tailwindcss_oxide::scanner: Reading "/repo/apps/SalesCRM/src/store/index.ts"
2026-02-15T02:00:53.800182Z  INFO tailwindcss_oxide::scanner: Reading "/repo/apps/SalesCRM/src/components/clients/StatusBadge.tsx"
2026-02-15T02:00:53.800183Z  INFO tailwindcss_oxide::scanner: Reading "/repo/apps/SalesCRM/tests/cross-cutting.spec.ts"
2026-02-15T02:00:53.800512Z  INFO tailwindcss_oxide::scanner: Reading "/repo/apps/SalesCRM/src/store/tasksSlice.ts"
2026-02-15T02:00:53.800218Z  INFO tailwindcss_oxide::scanner: Reading "/repo/apps/SalesCRM/src/components/task-detail/TaskNotesSection.tsx"
2026-02-15T02:00:53.800232Z  INFO tailwindcss_oxide::scanner: Reading "/repo/apps/SalesCRM/src/components/person-detail/AddRelationshipModal.tsx"
2026-02-15T02:00:53.800243Z  INFO tailwindcss_oxide::scanner: Reading "/repo/apps/SalesCRM/netlify/functions/client-attachments.ts"
2026-02-15T02:00:53.800537Z  INFO tailwindcss_oxide::scanner: Reading "/repo/apps/SalesCRM/src/components/tasks/TaskPriorityBadge.tsx"
2026-02-15T02:00:53.800539Z  INFO tailwindcss_oxide::scanner: Reading "/repo/apps/SalesCRM/netlify/functions/individuals.ts"
2026-02-15T02:00:53.800546Z  INFO tailwindcss_oxide::scanner: Reading "/repo/apps/SalesCRM/eslint.config.js"
2026-02-15T02:00:53.800547Z  INFO tailwindcss_oxide::scanner: Reading "/repo/apps/SalesCRM/netlify/functions/client-tasks.ts"
2026-02-15T02:00:53.800321Z  INFO tailwindcss_oxide::scanner: Reading "/repo/apps/SalesCRM/src/components/deal-detail/WriteupsSection.tsx"
2026-02-15T02:00:53.800336Z  INFO tailwindcss_oxide::scanner: Reading "/repo/apps/SalesCRM/src/components/client-detail/ClientHeader.tsx"
2026-02-15T02:00:53.800342Z  INFO tailwindcss_oxide::scanner: Reading "/repo/apps/SalesCRM/src/components/client-detail/AddDealModal.tsx"
2026-02-15T02:00:53.800574Z  INFO tailwindcss_oxide::scanner: Reading "/repo/apps/SalesCRM/src/components/deals/DealsPageHeader.tsx"
2026-02-15T02:00:53.800344Z  INFO tailwindcss_oxide::scanner: Reading "/repo/apps/SalesCRM/src/components/clients/ClientRowActionMenu.tsx"
2026-02-15T02:00:53.800382Z  INFO tailwindcss_oxide::scanner: Reading "/repo/apps/SalesCRM/src/components/deal-detail/DealContactsSection.tsx"
2026-02-15T02:00:53.800589Z  INFO tailwindcss_oxide::scanner: Reading "/repo/apps/SalesCRM/docs/bugs/DashboardHighlight.md"
2026-02-15T02:00:53.800407Z  INFO tailwindcss_oxide::scanner: Reading "/repo/apps/SalesCRM/scripts/init-db.ts"
2026-02-15T02:00:53.800604Z  INFO tailwindcss_oxide::scanner: Reading "/repo/apps/SalesCRM/src/components/clients/ClientsPageHeader.tsx"
2026-02-15T02:00:53.800428Z  INFO tailwindcss_oxide::scanner: Reading "/repo/apps/SalesCRM/tests/helpers.ts"
2026-02-15T02:00:53.800616Z  INFO tailwindcss_oxide::scanner: Reading "/repo/apps/SalesCRM/src/components/clients/AddClientModal.tsx"
2026-02-15T02:00:53.800451Z  INFO tailwindcss_oxide::scanner: Reading "/repo/apps/SalesCRM/src/pages/TasksListPage.tsx"
2026-02-15T02:00:53.800625Z  INFO tailwindcss_oxide::scanner: Reading "/repo/apps/SalesCRM/src/components/deals/DealsTable.tsx"
2026-02-15T02:00:53.800453Z  INFO tailwindcss_oxide::scanner: Reading "/repo/apps/SalesCRM/src/components/client-detail/DealsSection.tsx"
2026-02-15T02:00:53.800635Z  INFO tailwindcss_oxide::scanner: Reading "/repo/apps/SalesCRM/netlify/functions/clients.ts"
2026-02-15T02:00:53.800634Z  INFO tailwindcss_oxide::scanner: Reading "/repo/apps/SalesCRM/src/components/deals/DealsPagination.tsx"
2026-02-15T02:00:53.800645Z  INFO tailwindcss_oxide::scanner: Reading "/repo/apps/SalesCRM/src/components/deals/DealsSummaryCards.tsx"
2026-02-15T02:00:53.800648Z  INFO tailwindcss_oxide::scanner: Reading "/repo/apps/SalesCRM/src/pages/PersonDetailPage.tsx"
2026-02-15T02:00:53.800481Z  INFO tailwindcss_oxide::scanner: Reading "/repo/apps/SalesCRM/src/components/clients/TagBadge.tsx"
2026-02-15T02:00:53.800665Z  INFO tailwindcss_oxide::scanner: Reading "/repo/apps/SalesCRM/docs/bugs/Reports404.md"
2026-02-15T02:00:53.800665Z  INFO tailwindcss_oxide::scanner: Reading "/repo/apps/SalesCRM/src/lib/utils.ts"
2026-02-15T02:00:53.800206Z  INFO tailwindcss_oxide::scanner: Reading "/repo/apps/SalesCRM/src/components/deal-detail/VersionHistoryModal.tsx"
2026-02-15T02:00:53.800688Z  INFO tailwindcss_oxide::scanner: Reading "/repo/apps/SalesCRM/src/vite-env.d.ts"
2026-02-15T02:00:53.800688Z  INFO tailwindcss_oxide::scanner: Reading "/repo/apps/SalesCRM/src/components/shared/AttachmentPreview.tsx"
2026-02-15T02:00:53.800698Z  INFO tailwindcss_oxide::scanner: Reading "/repo/apps/SalesCRM/index.html"
2026-02-15T02:00:53.800518Z  INFO tailwindcss_oxide::scanner: Reading "/repo/apps/SalesCRM/netlify/functions/client-deals.ts"
2026-02-15T02:00:53.800707Z  INFO tailwindcss_oxide::scanner: Reading "/repo/apps/SalesCRM/src/components/deals/DealsPipelineView.tsx"
2026-02-15T02:00:53.800524Z  INFO tailwindcss_oxide::scanner: Reading "/repo/apps/SalesCRM/src/components/client-detail/AddAttachmentModal.tsx"
2026-02-15T02:00:53.800537Z  INFO tailwindcss_oxide::scanner: Reading "/repo/apps/SalesCRM/docs/bugs/TaskDetailPage.md"
2026-02-15T02:00:53.800730Z  INFO tailwindcss_oxide::scanner: Reading "/repo/apps/SalesCRM/src/components/person-detail/EditContactHistoryModal.tsx"
2026-02-15T02:00:53.800257Z  INFO tailwindcss_oxide::scanner: Reading "/repo/apps/SalesCRM/tests/deals-list-page.spec.ts"
2026-02-15T02:00:53.800739Z  INFO tailwindcss_oxide::scanner: Reading "/repo/apps/SalesCRM/src/components/shared/ConfirmDialog.tsx"
2026-02-15T02:00:53.800561Z  INFO tailwindcss_oxide::scanner: Reading "/repo/apps/SalesCRM/docs/bugs/SettingsButton.md"
2026-02-15T02:00:53.800749Z  INFO tailwindcss_oxide::scanner: Reading "/repo/apps/SalesCRM/src/components/shared/attachmentUtils.ts"
2026-02-15T02:00:53.800561Z  INFO tailwindcss_oxide::scanner: Reading "/repo/apps/SalesCRM/tsconfig.node.json"
2026-02-15T02:00:53.800752Z  INFO tailwindcss_oxide::scanner: Reading "/repo/apps/SalesCRM/src/components/person-detail/PersonHeader.tsx"
2026-02-15T02:00:53.800563Z  INFO tailwindcss_oxide::scanner: Reading "/repo/apps/SalesCRM/tsconfig.json"
2026-02-15T02:00:53.800576Z  INFO tailwindcss_oxide::scanner: Reading "/repo/apps/SalesCRM/docs/tests.md"
2026-02-15T02:00:53.800589Z  INFO tailwindcss_oxide::scanner: Reading "/repo/apps/SalesCRM/src/components/deals/DealsFilterControls.tsx"
2026-02-15T02:00:53.800594Z  INFO tailwindcss_oxide::scanner: Reading "/repo/apps/SalesCRM/src/components/deals/DealStatusBadge.tsx"
2026-02-15T02:00:53.800611Z  INFO tailwindcss_oxide::scanner: Reading "/repo/apps/SalesCRM/src/components/deals/DealStageBadge.tsx"
2026-02-15T02:00:53.800139Z  INFO tailwindcss_oxide::scanner: Reading "/repo/apps/SalesCRM/src/components/client-detail/AddTaskModal.tsx"
2026-02-15T02:00:53.800639Z  INFO tailwindcss_oxide::scanner: Reading "/repo/apps/SalesCRM/playwright-report/index.html"
2026-02-15T02:00:53.800648Z  INFO tailwindcss_oxide::scanner: Reading "/repo/apps/SalesCRM/src/components/layout/Sidebar.tsx"
2026-02-15T02:00:53.800647Z  INFO tailwindcss_oxide::scanner: Reading "/repo/apps/SalesCRM/docs/bugReports.md"
2026-02-15T02:00:53.800477Z  INFO tailwindcss_oxide::scanner: Reading "/repo/apps/SalesCRM/src/components/layout/AppLayout.tsx"
2026-02-15T02:00:53.800664Z  INFO tailwindcss_oxide::scanner: Reading "/repo/apps/SalesCRM/playwright.config.ts"
2026-02-15T02:00:53.800668Z  INFO tailwindcss_oxide::scanner: Reading "/repo/apps/SalesCRM/docs/bugs/DealsDropdownStyling.md"
2026-02-15T02:00:53.800506Z  INFO tailwindcss_oxide::scanner: Reading "/repo/apps/SalesCRM/src/components/client-detail/AddPersonModal.tsx"
2026-02-15T02:00:53.800680Z  INFO tailwindcss_oxide::scanner: Reading "/repo/apps/SalesCRM/docs/bugs/AttachmentPreview.md"
2026-02-15T02:00:53.800518Z  INFO tailwindcss_oxide::scanner: Reading "/repo/apps/SalesCRM/src/components/clients/ClientsSearchBar.tsx"
2026-02-15T02:00:53.800715Z  INFO tailwindcss_oxide::scanner: Reading "/repo/apps/SalesCRM/src/components/deals/CreateDealModal.tsx"
2026-02-15T02:00:53.800715Z  INFO tailwindcss_oxide::scanner: Reading "/repo/apps/SalesCRM/src/components/person-detail/AddContactHistoryModal.tsx"
2026-02-15T02:00:53.800725Z  INFO tailwindcss_oxide::scanner: Reading "/repo/apps/SalesCRM/src/components/deals/DealsViewToggle.tsx"
2026-02-15T02:00:53.800753Z  INFO tailwindcss_oxide::scanner: Reading "/repo/apps/SalesCRM/src/components/shared/FilterSelect.tsx"
2026-02-15T02:00:53.800561Z  INFO tailwindcss_oxide::scanner: Reading "/repo/apps/SalesCRM/netlify.toml"
2026-02-15T02:00:53.800760Z  INFO tailwindcss_oxide::scanner: Reading "/repo/apps/SalesCRM/src/store/individualsSlice.ts"
2026-02-15T02:00:53.800768Z  INFO tailwindcss_oxide::scanner: Reading "/repo/apps/SalesCRM/tsconfig.app.json"
2026-02-15T02:00:53.807184Z  INFO tailwindcss_oxide::scanner: Reading "/repo/apps/SalesCRM/public/vite.svg"
2026-02-15T02:00:53.807183Z  INFO tailwindcss_oxide::scanner: Reading "/repo/apps/SalesCRM/netlify/functions/client-people.ts"
2026-02-15T02:00:53.807198Z  INFO tailwindcss_oxide::scanner: Reading "/repo/apps/SalesCRM/src/store/hooks.ts"
2026-02-15T02:00:53.807212Z  INFO tailwindcss_oxide::scanner: Reading "/repo/apps/SalesCRM/tests/clients-list-page.spec.ts"
2026-02-15T02:00:53.807217Z  INFO tailwindcss_oxide::scanner: Reading "/repo/apps/SalesCRM/tests/client-detail-page.spec.ts"
2026-02-15T02:00:53.807195Z  INFO tailwindcss_oxide::scanner: Reading "/repo/apps/SalesCRM/src/components/tasks/TasksFilterBar.tsx"
2026-02-15T02:00:53.807189Z  INFO tailwindcss_oxide::scanner: Reading "/repo/apps/SalesCRM/src/types/index.ts"
2026-02-15T02:00:53.807191Z  INFO tailwindcss_oxide::scanner: Reading "/repo/apps/SalesCRM/src/pages/NotFoundPage.tsx"
2026-02-15T02:00:53.807201Z  INFO tailwindcss_oxide::scanner: Reading "/repo/apps/SalesCRM/src/components/deals/DealRowActionMenu.tsx"
2026-02-15T02:00:53.807198Z  INFO tailwindcss_oxide::scanner: Reading "/repo/apps/SalesCRM/src/components/deal-detail/UploadAttachmentModal.tsx"
2026-02-15T02:00:53.807195Z  INFO tailwindcss_oxide::scanner: Reading "/repo/apps/SalesCRM/src/App.tsx"
2026-02-15T02:00:53.807361Z  INFO extract_candidates:read_all_files: tailwindcss_oxide::scanner: exit
2026-02-15T02:00:53.807371Z  INFO extract_candidates:parse_all_blobs: tailwindcss_oxide::scanner: enter
2026-02-15T02:00:53.807375Z  INFO extract_candidates:parse_all_blobs:extract: tailwindcss_oxide::scanner: enter
2026-02-15T02:00:53.812978Z  INFO extract_candidates:parse_all_blobs:extract: tailwindcss_oxide::scanner: exit
2026-02-15T02:00:53.813009Z  INFO extract_candidates:parse_all_blobs: tailwindcss_oxide::scanner: exit
2026-02-15T02:00:53.813015Z  INFO extract_candidates:read_all_files: tailwindcss_oxide::scanner: enter
2026-02-15T02:00:53.813018Z  INFO extract_candidates:read_all_files: tailwindcss_oxide::scanner: Reading 1 file(s)
2026-02-15T02:00:53.813038Z  INFO extract_candidates:read_all_files: tailwindcss_oxide::scanner: Reading "/repo/apps/SalesCRM/src/index.css"
2026-02-15T02:00:53.813043Z  INFO extract_candidates:read_all_files: tailwindcss_oxide::scanner: exit
2026-02-15T02:00:53.813047Z  INFO extract_candidates:extract_css_variables: tailwindcss_oxide::scanner: enter
2026-02-15T02:00:53.813051Z  INFO extract_candidates:extract_css_variables:extract: tailwindcss_oxide::scanner: enter
2026-02-15T02:00:53.813210Z  INFO extract_candidates:extract_css_variables:extract: tailwindcss_oxide::scanner: exit
2026-02-15T02:00:53.813233Z  INFO extract_candidates:extract_css_variables: tailwindcss_oxide::scanner: exit
2026-02-15T02:00:53.814767Z  INFO extract_candidates: tailwindcss_oxide::scanner: exit
2026-02-15T02:00:53.818568Z  INFO get_files: tailwindcss_oxide::scanner: enter
2026-02-15T02:00:53.818584Z  INFO get_files:scan_sources: tailwindcss_oxide::scanner: enter
2026-02-15T02:00:53.818880Z  INFO get_files:scan_sources: tailwindcss_oxide::scanner: Discovering "/repo/apps/SalesCRM/src"
2026-02-15T02:00:53.818918Z  INFO get_files:scan_sources: tailwindcss_oxide::scanner: Discovering "/repo/apps/SalesCRM/src/store"
2026-02-15T02:00:53.819031Z  INFO get_files:scan_sources: tailwindcss_oxide::scanner: Discovering "/repo/apps/SalesCRM/src/lib"
2026-02-15T02:00:53.819105Z  INFO get_files:scan_sources: tailwindcss_oxide::scanner: Discovering "/repo/apps/SalesCRM/src/types"
2026-02-15T02:00:53.819170Z  INFO get_files:scan_sources: tailwindcss_oxide::scanner: Discovering "/repo/apps/SalesCRM/src/pages"
2026-02-15T02:00:53.819278Z  INFO get_files:scan_sources: tailwindcss_oxide::scanner: Discovering "/repo/apps/SalesCRM/src/components"
2026-02-15T02:00:53.819311Z  INFO get_files:scan_sources: tailwindcss_oxide::scanner: Discovering "/repo/apps/SalesCRM/src/components/tasks"
2026-02-15T02:00:53.819389Z  INFO get_files:scan_sources: tailwindcss_oxide::scanner: Discovering "/repo/apps/SalesCRM/src/components/task-detail"
2026-02-15T02:00:53.819436Z  INFO get_files:scan_sources: tailwindcss_oxide::scanner: Discovering "/repo/apps/SalesCRM/src/components/deal-detail"
2026-02-15T02:00:53.819555Z  INFO get_files:scan_sources: tailwindcss_oxide::scanner: Discovering "/repo/apps/SalesCRM/src/components/client-detail"
2026-02-15T02:00:53.819673Z  INFO get_files:scan_sources: tailwindcss_oxide::scanner: Discovering "/repo/apps/SalesCRM/src/components/clients"
2026-02-15T02:00:53.819771Z  INFO get_files:scan_sources: tailwindcss_oxide::scanner: Discovering "/repo/apps/SalesCRM/src/components/layout"
2026-02-15T02:00:53.819817Z  INFO get_files:scan_sources: tailwindcss_oxide::scanner: Discovering "/repo/apps/SalesCRM/src/components/deals"
2026-02-15T02:00:53.819929Z  INFO get_files:scan_sources: tailwindcss_oxide::scanner: Discovering "/repo/apps/SalesCRM/src/components/shared"
2026-02-15T02:00:53.819988Z  INFO get_files:scan_sources: tailwindcss_oxide::scanner: Discovering "/repo/apps/SalesCRM/src/components/person-detail"
2026-02-15T02:00:53.820077Z  INFO get_files:scan_sources: tailwindcss_oxide::scanner: Discovering "/repo/apps/SalesCRM/public"
2026-02-15T02:00:53.820117Z  INFO get_files:scan_sources: tailwindcss_oxide::scanner: Discovering "/repo/apps/SalesCRM/netlify"
2026-02-15T02:00:53.820165Z  INFO get_files:scan_sources: tailwindcss_oxide::scanner: Discovering "/repo/apps/SalesCRM/netlify/functions"
2026-02-15T02:00:53.820275Z  INFO get_files:scan_sources: tailwindcss_oxide::scanner: Discovering "/repo/apps/SalesCRM/logs"
2026-02-15T02:00:53.820340Z  INFO get_files:scan_sources: tailwindcss_oxide::scanner: Discovering "/repo/apps/SalesCRM/logs/reviewed"
2026-02-15T02:00:53.820452Z  INFO get_files:scan_sources: tailwindcss_oxide::scanner: Discovering "/repo/apps/SalesCRM/tests"
2026-02-15T02:00:53.820554Z  INFO get_files:scan_sources: tailwindcss_oxide::scanner: Discovering "/repo/apps/SalesCRM/scripts"
2026-02-15T02:00:53.820609Z  INFO get_files:scan_sources: tailwindcss_oxide::scanner: Discovering "/repo/apps/SalesCRM/playwright-report"
2026-02-15T02:00:53.820692Z  INFO get_files:scan_sources: tailwindcss_oxide::scanner: Discovering "/repo/apps/SalesCRM/docs"
2026-02-15T02:00:53.820728Z  INFO get_files:scan_sources: tailwindcss_oxide::scanner: Discovering "/repo/apps/SalesCRM/docs/mockups"
2026-02-15T02:00:53.820781Z  INFO get_files:scan_sources: tailwindcss_oxide::scanner: Discovering "/repo/apps/SalesCRM/docs/bugs"
2026-02-15T02:00:53.820973Z  INFO get_files:scan_sources: tailwindcss_oxide::scanner: exit
2026-02-15T02:00:53.821362Z  INFO get_files: tailwindcss_oxide::scanner: exit
2026-02-15T02:00:53.821654Z  INFO get_globs: tailwindcss_oxide::scanner: enter
2026-02-15T02:00:53.821662Z  INFO get_globs:scan_sources: tailwindcss_oxide::scanner: enter
2026-02-15T02:00:53.821921Z  INFO get_globs:scan_sources: tailwindcss_oxide::scanner: Discovering "/repo/apps/SalesCRM/src"
2026-02-15T02:00:53.821956Z  INFO get_globs:scan_sources: tailwindcss_oxide::scanner: Discovering "/repo/apps/SalesCRM/src/store"
2026-02-15T02:00:53.822054Z  INFO get_globs:scan_sources: tailwindcss_oxide::scanner: Discovering "/repo/apps/SalesCRM/src/lib"
2026-02-15T02:00:53.822131Z  INFO get_globs:scan_sources: tailwindcss_oxide::scanner: Discovering "/repo/apps/SalesCRM/src/types"
2026-02-15T02:00:53.822204Z  INFO get_globs:scan_sources: tailwindcss_oxide::scanner: Discovering "/repo/apps/SalesCRM/src/pages"
2026-02-15T02:00:53.822297Z  INFO get_globs:scan_sources: tailwindcss_oxide::scanner: Discovering "/repo/apps/SalesCRM/src/components"
2026-02-15T02:00:53.822328Z  INFO get_globs:scan_sources: tailwindcss_oxide::scanner: Discovering "/repo/apps/SalesCRM/src/components/tasks"
2026-02-15T02:00:53.822414Z  INFO get_globs:scan_sources: tailwindcss_oxide::scanner: Discovering "/repo/apps/SalesCRM/src/components/task-detail"
2026-02-15T02:00:53.822460Z  INFO get_globs:scan_sources: tailwindcss_oxide::scanner: Discovering "/repo/apps/SalesCRM/src/components/deal-detail"
2026-02-15T02:00:53.822580Z  INFO get_globs:scan_sources: tailwindcss_oxide::scanner: Discovering "/repo/apps/SalesCRM/src/components/client-detail"
2026-02-15T02:00:53.822698Z  INFO get_globs:scan_sources: tailwindcss_oxide::scanner: Discovering "/repo/apps/SalesCRM/src/components/clients"
2026-02-15T02:00:53.822793Z  INFO get_globs:scan_sources: tailwindcss_oxide::scanner: Discovering "/repo/apps/SalesCRM/src/components/layout"
2026-02-15T02:00:53.822838Z  INFO get_globs:scan_sources: tailwindcss_oxide::scanner: Discovering "/repo/apps/SalesCRM/src/components/deals"
2026-02-15T02:00:53.822949Z  INFO get_globs:scan_sources: tailwindcss_oxide::scanner: Discovering "/repo/apps/SalesCRM/src/components/shared"
2026-02-15T02:00:53.823009Z  INFO get_globs:scan_sources: tailwindcss_oxide::scanner: Discovering "/repo/apps/SalesCRM/src/components/person-detail"
2026-02-15T02:00:53.823098Z  INFO get_globs:scan_sources: tailwindcss_oxide::scanner: Discovering "/repo/apps/SalesCRM/public"
2026-02-15T02:00:53.823138Z  INFO get_globs:scan_sources: tailwindcss_oxide::scanner: Discovering "/repo/apps/SalesCRM/netlify"
2026-02-15T02:00:53.823184Z  INFO get_globs:scan_sources: tailwindcss_oxide::scanner: Discovering "/repo/apps/SalesCRM/netlify/functions"
2026-02-15T02:00:53.823290Z  INFO get_globs:scan_sources: tailwindcss_oxide::scanner: Discovering "/repo/apps/SalesCRM/logs"
2026-02-15T02:00:53.823352Z  INFO get_globs:scan_sources: tailwindcss_oxide::scanner: Discovering "/repo/apps/SalesCRM/logs/reviewed"
2026-02-15T02:00:53.823463Z  INFO get_globs:scan_sources: tailwindcss_oxide::scanner: Discovering "/repo/apps/SalesCRM/tests"
2026-02-15T02:00:53.823564Z  INFO get_globs:scan_sources: tailwindcss_oxide::scanner: Discovering "/repo/apps/SalesCRM/scripts"
2026-02-15T02:00:53.823616Z  INFO get_globs:scan_sources: tailwindcss_oxide::scanner: Discovering "/repo/apps/SalesCRM/playwright-report"
2026-02-15T02:00:53.823690Z  INFO get_globs:scan_sources: tailwindcss_oxide::scanner: Discovering "/repo/apps/SalesCRM/docs"
2026-02-15T02:00:53.823724Z  INFO get_globs:scan_sources: tailwindcss_oxide::scanner: Discovering "/repo/apps/SalesCRM/docs/mockups"
2026-02-15T02:00:53.823774Z  INFO get_globs:scan_sources: tailwindcss_oxide::scanner: Discovering "/repo/apps/SalesCRM/docs/bugs"
2026-02-15T02:00:53.823955Z  INFO get_globs:scan_sources: tailwindcss_oxide::scanner: exit
2026-02-15T02:00:53.826972Z  INFO get_globs: tailwindcss_oxide::scanner: exit
2026-02-15T02:13:55.558843Z  INFO scan_sources: tailwindcss_oxide::scanner: enter
2026-02-15T02:13:55.559294Z  INFO scan_sources: tailwindcss_oxide::scanner: Discovering "/repo/apps/SalesCRM/src"
2026-02-15T02:13:55.559360Z  INFO scan_sources: tailwindcss_oxide::scanner: Discovering "/repo/apps/SalesCRM/src/store"
2026-02-15T02:13:55.559490Z  INFO scan_sources: tailwindcss_oxide::scanner: Discovering "/repo/apps/SalesCRM/src/lib"
2026-02-15T02:13:55.559575Z  INFO scan_sources: tailwindcss_oxide::scanner: Discovering "/repo/apps/SalesCRM/src/types"
2026-02-15T02:13:55.559621Z  INFO scan_sources: tailwindcss_oxide::scanner: Discovering "/repo/apps/SalesCRM/src/pages"
2026-02-15T02:13:55.559713Z  INFO scan_sources: tailwindcss_oxide::scanner: Discovering "/repo/apps/SalesCRM/src/components"
2026-02-15T02:13:55.559755Z  INFO scan_sources: tailwindcss_oxide::scanner: Discovering "/repo/apps/SalesCRM/src/components/tasks"
2026-02-15T02:13:55.559834Z  INFO scan_sources: tailwindcss_oxide::scanner: Discovering "/repo/apps/SalesCRM/src/components/task-detail"
2026-02-15T02:13:55.559883Z  INFO scan_sources: tailwindcss_oxide::scanner: Discovering "/repo/apps/SalesCRM/src/components/deal-detail"
2026-02-15T02:13:55.560009Z  INFO scan_sources: tailwindcss_oxide::scanner: Discovering "/repo/apps/SalesCRM/src/components/client-detail"
2026-02-15T02:13:55.560135Z  INFO scan_sources: tailwindcss_oxide::scanner: Discovering "/repo/apps/SalesCRM/src/components/clients"
2026-02-15T02:13:55.560258Z  INFO scan_sources: tailwindcss_oxide::scanner: Discovering "/repo/apps/SalesCRM/src/components/layout"
2026-02-15T02:13:55.560308Z  INFO scan_sources: tailwindcss_oxide::scanner: Discovering "/repo/apps/SalesCRM/src/components/deals"
2026-02-15T02:13:55.560421Z  INFO scan_sources: tailwindcss_oxide::scanner: Discovering "/repo/apps/SalesCRM/src/components/shared"
2026-02-15T02:13:55.560484Z  INFO scan_sources: tailwindcss_oxide::scanner: Discovering "/repo/apps/SalesCRM/src/components/person-detail"
2026-02-15T02:13:55.560577Z  INFO scan_sources: tailwindcss_oxide::scanner: Discovering "/repo/apps/SalesCRM/public"
2026-02-15T02:13:55.560619Z  INFO scan_sources: tailwindcss_oxide::scanner: Discovering "/repo/apps/SalesCRM/netlify"
2026-02-15T02:13:55.560647Z  INFO scan_sources: tailwindcss_oxide::scanner: Discovering "/repo/apps/SalesCRM/netlify/functions"
2026-02-15T02:13:55.560754Z  INFO scan_sources: tailwindcss_oxide::scanner: Discovering "/repo/apps/SalesCRM/logs"
2026-02-15T02:13:55.560827Z  INFO scan_sources: tailwindcss_oxide::scanner: Discovering "/repo/apps/SalesCRM/logs/reviewed"
2026-02-15T02:13:55.560941Z  INFO scan_sources: tailwindcss_oxide::scanner: Discovering "/repo/apps/SalesCRM/tests"
2026-02-15T02:13:55.560991Z  INFO scan_sources: tailwindcss_oxide::scanner: Discovering "/repo/apps/SalesCRM/tests/cross-cutting.spec.ts"
2026-02-15T02:13:55.561005Z  INFO scan_sources: tailwindcss_oxide::scanner: Discovering "/repo/apps/SalesCRM/tests/clients-list-page.spec.ts"
2026-02-15T02:13:55.561018Z  INFO scan_sources: tailwindcss_oxide::scanner: Discovering "/repo/apps/SalesCRM/tests/deal-detail-page.spec.ts"
2026-02-15T02:13:55.561031Z  INFO scan_sources: tailwindcss_oxide::scanner: Discovering "/repo/apps/SalesCRM/tests/deals-list-page.spec.ts"
2026-02-15T02:13:55.561051Z  INFO scan_sources: tailwindcss_oxide::scanner: Discovering "/repo/apps/SalesCRM/tests/tasks-list-page.spec.ts"
2026-02-15T02:13:55.561065Z  INFO scan_sources: tailwindcss_oxide::scanner: Discovering "/repo/apps/SalesCRM/tests/person-detail-page.spec.ts"
2026-02-15T02:13:55.561084Z  INFO scan_sources: tailwindcss_oxide::scanner: Discovering "/repo/apps/SalesCRM/scripts"
2026-02-15T02:13:55.561140Z  INFO scan_sources: tailwindcss_oxide::scanner: Discovering "/repo/apps/SalesCRM/playwright-report"
2026-02-15T02:13:55.561248Z  INFO scan_sources: tailwindcss_oxide::scanner: Discovering "/repo/apps/SalesCRM/docs"
2026-02-15T02:13:55.561285Z  INFO scan_sources: tailwindcss_oxide::scanner: Discovering "/repo/apps/SalesCRM/docs/mockups"
2026-02-15T02:13:55.561337Z  INFO scan_sources: tailwindcss_oxide::scanner: Discovering "/repo/apps/SalesCRM/docs/bugs"
2026-02-15T02:13:55.561551Z  INFO scan_sources: tailwindcss_oxide::scanner: exit
2026-02-15T02:13:55.561558Z  INFO extract_candidates: tailwindcss_oxide::scanner: enter
2026-02-15T02:13:55.561563Z  INFO extract_candidates:read_all_files: tailwindcss_oxide::scanner: enter
2026-02-15T02:13:55.561566Z  INFO extract_candidates:read_all_files: tailwindcss_oxide::scanner: Reading 6 file(s)
2026-02-15T02:13:55.561629Z  INFO tailwindcss_oxide::scanner: Reading "/repo/apps/SalesCRM/tests/cross-cutting.spec.ts"
2026-02-15T02:13:55.561651Z  INFO tailwindcss_oxide::scanner: Reading "/repo/apps/SalesCRM/tests/deals-list-page.spec.ts"
2026-02-15T02:13:55.561660Z  INFO tailwindcss_oxide::scanner: Reading "/repo/apps/SalesCRM/tests/tasks-list-page.spec.ts"
2026-02-15T02:13:55.561678Z  INFO tailwindcss_oxide::scanner: Reading "/repo/apps/SalesCRM/tests/person-detail-page.spec.ts"
2026-02-15T02:13:55.561662Z  INFO tailwindcss_oxide::scanner: Reading "/repo/apps/SalesCRM/tests/deal-detail-page.spec.ts"
2026-02-15T02:13:55.561664Z  INFO tailwindcss_oxide::scanner: Reading "/repo/apps/SalesCRM/tests/clients-list-page.spec.ts"
2026-02-15T02:13:55.561735Z  INFO extract_candidates:read_all_files: tailwindcss_oxide::scanner: exit
2026-02-15T02:13:55.561742Z  INFO extract_candidates:parse_all_blobs: tailwindcss_oxide::scanner: enter
2026-02-15T02:13:55.561746Z  INFO extract_candidates:parse_all_blobs:extract: tailwindcss_oxide::scanner: enter
2026-02-15T02:13:55.563078Z  INFO extract_candidates:parse_all_blobs:extract: tailwindcss_oxide::scanner: exit
2026-02-15T02:13:55.563103Z  INFO extract_candidates:parse_all_blobs: tailwindcss_oxide::scanner: exit
2026-02-15T02:13:55.563801Z  INFO extract_candidates: tailwindcss_oxide::scanner: exit
2026-02-15T02:13:55.567076Z  INFO get_files: tailwindcss_oxide::scanner: enter
2026-02-15T02:13:55.567097Z  INFO get_files:scan_sources: tailwindcss_oxide::scanner: enter
2026-02-15T02:13:55.567423Z  INFO get_files:scan_sources: tailwindcss_oxide::scanner: Discovering "/repo/apps/SalesCRM/src"
2026-02-15T02:13:55.567465Z  INFO get_files:scan_sources: tailwindcss_oxide::scanner: Discovering "/repo/apps/SalesCRM/src/store"
2026-02-15T02:13:55.567569Z  INFO get_files:scan_sources: tailwindcss_oxide::scanner: Discovering "/repo/apps/SalesCRM/src/lib"
2026-02-15T02:13:55.567645Z  INFO get_files:scan_sources: tailwindcss_oxide::scanner: Discovering "/repo/apps/SalesCRM/src/types"
2026-02-15T02:13:55.567687Z  INFO get_files:scan_sources: tailwindcss_oxide::scanner: Discovering "/repo/apps/SalesCRM/src/pages"
2026-02-15T02:13:55.567776Z  INFO get_files:scan_sources: tailwindcss_oxide::scanner: Discovering "/repo/apps/SalesCRM/src/components"
2026-02-15T02:13:55.567809Z  INFO get_files:scan_sources: tailwindcss_oxide::scanner: Discovering "/repo/apps/SalesCRM/src/components/tasks"
2026-02-15T02:13:55.567886Z  INFO get_files:scan_sources: tailwindcss_oxide::scanner: Discovering "/repo/apps/SalesCRM/src/components/task-detail"
2026-02-15T02:13:55.567932Z  INFO get_files:scan_sources: tailwindcss_oxide::scanner: Discovering "/repo/apps/SalesCRM/src/components/deal-detail"
2026-02-15T02:13:55.568055Z  INFO get_files:scan_sources: tailwindcss_oxide::scanner: Discovering "/repo/apps/SalesCRM/src/components/client-detail"
2026-02-15T02:13:55.568198Z  INFO get_files:scan_sources: tailwindcss_oxide::scanner: Discovering "/repo/apps/SalesCRM/src/components/clients"
2026-02-15T02:13:55.568301Z  INFO get_files:scan_sources: tailwindcss_oxide::scanner: Discovering "/repo/apps/SalesCRM/src/components/layout"
2026-02-15T02:13:55.568347Z  INFO get_files:scan_sources: tailwindcss_oxide::scanner: Discovering "/repo/apps/SalesCRM/src/components/deals"
2026-02-15T02:13:55.568459Z  INFO get_files:scan_sources: tailwindcss_oxide::scanner: Discovering "/repo/apps/SalesCRM/src/components/shared"
2026-02-15T02:13:55.568520Z  INFO get_files:scan_sources: tailwindcss_oxide::scanner: Discovering "/repo/apps/SalesCRM/src/components/person-detail"
2026-02-15T02:13:55.568609Z  INFO get_files:scan_sources: tailwindcss_oxide::scanner: Discovering "/repo/apps/SalesCRM/public"
2026-02-15T02:13:55.568651Z  INFO get_files:scan_sources: tailwindcss_oxide::scanner: Discovering "/repo/apps/SalesCRM/netlify"
2026-02-15T02:13:55.568678Z  INFO get_files:scan_sources: tailwindcss_oxide::scanner: Discovering "/repo/apps/SalesCRM/netlify/functions"
2026-02-15T02:13:55.568781Z  INFO get_files:scan_sources: tailwindcss_oxide::scanner: Discovering "/repo/apps/SalesCRM/logs"
2026-02-15T02:13:55.568846Z  INFO get_files:scan_sources: tailwindcss_oxide::scanner: Discovering "/repo/apps/SalesCRM/logs/reviewed"
2026-02-15T02:13:55.568958Z  INFO get_files:scan_sources: tailwindcss_oxide::scanner: Discovering "/repo/apps/SalesCRM/tests"
2026-02-15T02:13:55.569059Z  INFO get_files:scan_sources: tailwindcss_oxide::scanner: Discovering "/repo/apps/SalesCRM/scripts"
2026-02-15T02:13:55.569120Z  INFO get_files:scan_sources: tailwindcss_oxide::scanner: Discovering "/repo/apps/SalesCRM/playwright-report"
2026-02-15T02:13:55.569217Z  INFO get_files:scan_sources: tailwindcss_oxide::scanner: Discovering "/repo/apps/SalesCRM/docs"
2026-02-15T02:13:55.569256Z  INFO get_files:scan_sources: tailwindcss_oxide::scanner: Discovering "/repo/apps/SalesCRM/docs/mockups"
2026-02-15T02:13:55.569308Z  INFO get_files:scan_sources: tailwindcss_oxide::scanner: Discovering "/repo/apps/SalesCRM/docs/bugs"
2026-02-15T02:13:55.569501Z  INFO get_files:scan_sources: tailwindcss_oxide::scanner: exit
2026-02-15T02:13:55.569751Z  INFO get_files: tailwindcss_oxide::scanner: exit
2026-02-15T02:13:55.569945Z  INFO get_globs: tailwindcss_oxide::scanner: enter
2026-02-15T02:13:55.569951Z  INFO get_globs: tailwindcss_oxide::scanner: exit
